Arguments: 
  /usr/local/bin/node /usr/share/yarn/bin/yarn.js add sass bootstrap bootstrap-icons @popperjs/core

PATH: 
  /home/suyash_blubirch/.rvm/gems/ruby-3.0.0/bin:/home/suyash_blubirch/.rvm/gems/ruby-3.0.0@global/bin:/home/suyash_blubirch/.rvm/rubies/ruby-3.0.0/bin:/usr/local/sbin:/usr/local/bin:/usr/sbin:/usr/bin:/sbin:/bin:/usr/games:/usr/local/games:/snap/bin:/home/suyash_blubirch/.rvm/bin

Yarn version: 
  1.22.19

Node version: 
  14.15.1

Platform: 
  linux x64

Trace: 
  SyntaxError: /home/suyash_blubirch/eventorganize/package.json: Unexpected end of JSON input
      at JSON.parse (<anonymous>)
      at /usr/share/yarn/lib/cli.js:1629:59
      at Generator.next (<anonymous>)
      at step (/usr/share/yarn/lib/cli.js:310:30)
      at /usr/share/yarn/lib/cli.js:321:13

npm manifest: 
  {
    "name": "app",
    "private": "true",

yarn manifest: 
  No manifest

Lockfile: 
  No lockfile
